<?xml version="1.0" encoding="UTF-8"?>
<testng-results ignored="3" total="10" passed="6" failed="1" skipped="0">
  <reporter-output>
  </reporter-output>
  <suite started-at="2022-09-07T09:45:33 IST" name="Suite" finished-at="2022-09-07T09:47:45 IST" duration-ms="132818">
    <groups>
    </groups>
    <test started-at="2022-09-07T09:45:33 IST" name="Test" finished-at="2022-09-07T09:47:45 IST" duration-ms="132818">
      <class name="com.vtechsolution.orangehrmTestcases.LoginTc_03">
        <test-method is-config="true" signature="setUp(java.lang.String)[pri:0, instance:com.vtechsolution.orangehrmTestcases.LoginTc_03@1189dd52]" started-at="2022-09-07T09:46:48 IST" name="setUp" finished-at="2022-09-07T09:46:56 IST" duration-ms="7209" status="PASS">
          <params>
            <param index="0">
              <value>
                <![CDATA[Chrome]]>
              </value>
            </param>
          </params>
          <reporter-output>
          </reporter-output>
        </test-method> <!-- setUp -->
        <test-method signature="verifylogin(java.lang.String,java.lang.String)[pri:0, instance:com.vtechsolution.orangehrmTestcases.LoginTc_03@1189dd52]" started-at="2022-09-07T09:46:56 IST" name="verifylogin" data-provider="getData" finished-at="2022-09-07T09:47:00 IST" duration-ms="4830" status="PASS">
          <params>
            <param index="0">
              <value>
                <![CDATA[Admin]]>
              </value>
            </param>
            <param index="1">
              <value>
                <![CDATA[admin123]]>
              </value>
            </param>
          </params>
          <reporter-output>
          </reporter-output>
        </test-method> <!-- verifylogin -->
        <test-method is-config="true" signature="teardown()[pri:0, instance:com.vtechsolution.orangehrmTestcases.LoginTc_03@1189dd52]" started-at="2022-09-07T09:47:00 IST" name="teardown" finished-at="2022-09-07T09:47:06 IST" duration-ms="5858" status="PASS">
          <reporter-output>
          </reporter-output>
        </test-method> <!-- teardown -->
        <test-method is-config="true" signature="setUp(java.lang.String)[pri:0, instance:com.vtechsolution.orangehrmTestcases.LoginTc_03@1189dd52]" started-at="2022-09-07T09:47:06 IST" name="setUp" finished-at="2022-09-07T09:47:19 IST" duration-ms="12301" status="PASS">
          <params>
            <param index="0">
              <value>
                <![CDATA[Chrome]]>
              </value>
            </param>
          </params>
          <reporter-output>
          </reporter-output>
        </test-method> <!-- setUp -->
        <test-method signature="verifylogin(java.lang.String,java.lang.String)[pri:0, instance:com.vtechsolution.orangehrmTestcases.LoginTc_03@1189dd52]" started-at="2022-09-07T09:47:19 IST" name="verifylogin" data-provider="getData" finished-at="2022-09-07T09:47:22 IST" duration-ms="3524" status="PASS">
          <params>
            <param index="0">
              <value>
                <![CDATA[Admin]]>
              </value>
            </param>
            <param index="1">
              <value>
                <![CDATA[admin12345]]>
              </value>
            </param>
          </params>
          <reporter-output>
          </reporter-output>
        </test-method> <!-- verifylogin -->
        <test-method is-config="true" signature="teardown()[pri:0, instance:com.vtechsolution.orangehrmTestcases.LoginTc_03@1189dd52]" started-at="2022-09-07T09:47:22 IST" name="teardown" finished-at="2022-09-07T09:47:28 IST" duration-ms="5740" status="PASS">
          <reporter-output>
          </reporter-output>
        </test-method> <!-- teardown -->
        <test-method is-config="true" signature="setUp(java.lang.String)[pri:0, instance:com.vtechsolution.orangehrmTestcases.LoginTc_03@1189dd52]" started-at="2022-09-07T09:47:28 IST" name="setUp" finished-at="2022-09-07T09:47:37 IST" duration-ms="9116" status="PASS">
          <params>
            <param index="0">
              <value>
                <![CDATA[Chrome]]>
              </value>
            </param>
          </params>
          <reporter-output>
          </reporter-output>
        </test-method> <!-- setUp -->
        <test-method signature="verifylogin(java.lang.String,java.lang.String)[pri:0, instance:com.vtechsolution.orangehrmTestcases.LoginTc_03@1189dd52]" started-at="2022-09-07T09:47:37 IST" name="verifylogin" data-provider="getData" finished-at="2022-09-07T09:47:40 IST" duration-ms="2834" status="PASS">
          <params>
            <param index="0">
              <value>
                <![CDATA[Admin12]]>
              </value>
            </param>
            <param index="1">
              <value>
                <![CDATA[admin123]]>
              </value>
            </param>
          </params>
          <reporter-output>
          </reporter-output>
        </test-method> <!-- verifylogin -->
        <test-method is-config="true" signature="teardown()[pri:0, instance:com.vtechsolution.orangehrmTestcases.LoginTc_03@1189dd52]" started-at="2022-09-07T09:47:40 IST" name="teardown" finished-at="2022-09-07T09:47:45 IST" duration-ms="5688" status="PASS">
          <reporter-output>
          </reporter-output>
        </test-method> <!-- teardown -->
      </class> <!-- com.vtechsolution.orangehrmTestcases.LoginTc_03 -->
      <class name="com.vtechsolution.orangehrmTestcases.LoginTC_02">
        <test-method is-config="true" signature="init()[pri:0, instance:com.vtechsolution.orangehrmTestcases.LoginTC_02@595b007d]" started-at="2022-09-07T09:45:31 IST" name="init" finished-at="2022-09-07T09:45:33 IST" duration-ms="1624" status="PASS">
          <reporter-output>
          </reporter-output>
        </test-method> <!-- init -->
        <test-method is-config="true" signature="setUp(java.lang.String)[pri:0, instance:com.vtechsolution.orangehrmTestcases.LoginTC_02@595b007d]" started-at="2022-09-07T09:45:33 IST" name="setUp" finished-at="2022-09-07T09:45:44 IST" duration-ms="11370" status="PASS">
          <params>
            <param index="0">
              <value>
                <![CDATA[Chrome]]>
              </value>
            </param>
          </params>
          <reporter-output>
          </reporter-output>
        </test-method> <!-- setUp -->
        <test-method signature="LoginTc_o2()[pri:0, instance:com.vtechsolution.orangehrmTestcases.LoginTC_02@595b007d]" started-at="2022-09-07T09:45:44 IST" name="LoginTc_o2" finished-at="2022-09-07T09:45:52 IST" duration-ms="7564" status="PASS">
          <reporter-output>
          </reporter-output>
        </test-method> <!-- LoginTc_o2 -->
        <test-method is-config="true" signature="teardown()[pri:0, instance:com.vtechsolution.orangehrmTestcases.LoginTC_02@595b007d]" started-at="2022-09-07T09:45:52 IST" name="teardown" finished-at="2022-09-07T09:45:58 IST" duration-ms="6868" status="PASS">
          <reporter-output>
          </reporter-output>
        </test-method> <!-- teardown -->
      </class> <!-- com.vtechsolution.orangehrmTestcases.LoginTC_02 -->
      <class name="com.vtechsolution.orangehrmTestcases.Login_Tc01">
        <test-method is-config="true" signature="setUp(java.lang.String)[pri:0, instance:com.vtechsolution.orangehrmTestcases.Login_Tc01@7e07db1f]" started-at="2022-09-07T09:45:59 IST" name="setUp" finished-at="2022-09-07T09:46:08 IST" duration-ms="9372" status="PASS">
          <params>
            <param index="0">
              <value>
                <![CDATA[Chrome]]>
              </value>
            </param>
          </params>
          <reporter-output>
          </reporter-output>
        </test-method> <!-- setUp -->
        <test-method signature="verifyLoginPageTitleTc()[pri:1, instance:com.vtechsolution.orangehrmTestcases.Login_Tc01@7e07db1f]" started-at="2022-09-07T09:46:08 IST" name="verifyLoginPageTitleTc" finished-at="2022-09-07T09:46:08 IST" duration-ms="23" status="PASS">
          <reporter-output>
          </reporter-output>
        </test-method> <!-- verifyLoginPageTitleTc -->
        <test-method is-config="true" signature="teardown()[pri:0, instance:com.vtechsolution.orangehrmTestcases.Login_Tc01@7e07db1f]" started-at="2022-09-07T09:46:08 IST" name="teardown" finished-at="2022-09-07T09:46:14 IST" duration-ms="5739" status="PASS">
          <reporter-output>
          </reporter-output>
        </test-method> <!-- teardown -->
        <test-method is-config="true" signature="setUp(java.lang.String)[pri:0, instance:com.vtechsolution.orangehrmTestcases.Login_Tc01@7e07db1f]" started-at="2022-09-07T09:46:14 IST" name="setUp" finished-at="2022-09-07T09:46:21 IST" duration-ms="7696" status="PASS">
          <params>
            <param index="0">
              <value>
                <![CDATA[Chrome]]>
              </value>
            </param>
          </params>
          <reporter-output>
          </reporter-output>
        </test-method> <!-- setUp -->
        <test-method signature="verifyOrangeHrmlogo()[pri:2, instance:com.vtechsolution.orangehrmTestcases.Login_Tc01@7e07db1f]" started-at="2022-09-07T09:46:21 IST" name="verifyOrangeHrmlogo" finished-at="2022-09-07T09:46:23 IST" duration-ms="1219" status="FAIL">
          <exception class="java.lang.AssertionError">
            <message>
              <![CDATA[expected [true] but found [false]]]>
            </message>
            <full-stacktrace>
              <![CDATA[java.lang.AssertionError: expected [true] but found [false]
at org.testng.Assert.fail(Assert.java:110)
at org.testng.Assert.failNotEquals(Assert.java:1413)
at org.testng.Assert.assertTrue(Assert.java:56)
at org.testng.Assert.assertTrue(Assert.java:66)
at com.vtechsolution.orangehrmTestcases.Login_Tc01.verifyOrangeHrmlogo(Login_Tc01.java:44)
at java.base/jdk.internal.reflect.NativeMethodAccessorImpl.invoke0(Native Method)
at java.base/jdk.internal.reflect.NativeMethodAccessorImpl.invoke(NativeMethodAccessorImpl.java:77)
at java.base/jdk.internal.reflect.DelegatingMethodAccessorImpl.invoke(DelegatingMethodAccessorImpl.java:43)
at java.base/java.lang.reflect.Method.invoke(Method.java:568)
at org.testng.internal.invokers.MethodInvocationHelper.invokeMethod(MethodInvocationHelper.java:139)
at org.testng.internal.invokers.TestInvoker.invokeMethod(TestInvoker.java:677)
at org.testng.internal.invokers.TestInvoker.invokeTestMethod(TestInvoker.java:221)
at org.testng.internal.invokers.MethodRunner.runInSequence(MethodRunner.java:50)
at org.testng.internal.invokers.TestInvoker$MethodInvocationAgent.invoke(TestInvoker.java:962)
at org.testng.internal.invokers.TestInvoker.invokeTestMethods(TestInvoker.java:194)
at org.testng.internal.invokers.TestMethodWorker.invokeTestMethods(TestMethodWorker.java:148)
at org.testng.internal.invokers.TestMethodWorker.run(TestMethodWorker.java:128)
at java.base/java.util.ArrayList.forEach(ArrayList.java:1511)
at org.testng.TestRunner.privateRun(TestRunner.java:806)
at org.testng.TestRunner.run(TestRunner.java:601)
at org.testng.SuiteRunner.runTest(SuiteRunner.java:433)
at org.testng.SuiteRunner.runSequentially(SuiteRunner.java:427)
at org.testng.SuiteRunner.privateRun(SuiteRunner.java:387)
at org.testng.SuiteRunner.run(SuiteRunner.java:330)
at org.testng.SuiteRunnerWorker.runSuite(SuiteRunnerWorker.java:52)
at org.testng.SuiteRunnerWorker.run(SuiteRunnerWorker.java:95)
at org.testng.TestNG.runSuitesSequentially(TestNG.java:1256)
at org.testng.TestNG.runSuitesLocally(TestNG.java:1176)
at org.testng.TestNG.runSuites(TestNG.java:1099)
at org.testng.TestNG.run(TestNG.java:1067)
at org.apache.maven.surefire.testng.TestNGExecutor.run(TestNGExecutor.java:324)
at org.apache.maven.surefire.testng.TestNGXmlTestSuite.execute(TestNGXmlTestSuite.java:74)
at org.apache.maven.surefire.testng.TestNGProvider.invoke(TestNGProvider.java:123)
at org.apache.maven.surefire.booter.ForkedBooter.runSuitesInProcess(ForkedBooter.java:456)
at org.apache.maven.surefire.booter.ForkedBooter.execute(ForkedBooter.java:169)
at org.apache.maven.surefire.booter.ForkedBooter.run(ForkedBooter.java:595)
at org.apache.maven.surefire.booter.ForkedBooter.main(ForkedBooter.java:581)
]]>
            </full-stacktrace>
          </exception> <!-- java.lang.AssertionError -->
          <reporter-output>
          </reporter-output>
        </test-method> <!-- verifyOrangeHrmlogo -->
        <test-method is-config="true" signature="teardown()[pri:0, instance:com.vtechsolution.orangehrmTestcases.Login_Tc01@7e07db1f]" started-at="2022-09-07T09:46:23 IST" name="teardown" finished-at="2022-09-07T09:46:28 IST" duration-ms="5860" status="PASS">
          <reporter-output>
          </reporter-output>
        </test-method> <!-- teardown -->
        <test-method is-config="true" signature="setUp(java.lang.String)[pri:0, instance:com.vtechsolution.orangehrmTestcases.Login_Tc01@7e07db1f]" started-at="2022-09-07T09:46:28 IST" name="setUp" finished-at="2022-09-07T09:46:37 IST" duration-ms="8741" status="PASS">
          <params>
            <param index="0">
              <value>
                <![CDATA[Chrome]]>
              </value>
            </param>
          </params>
          <reporter-output>
          </reporter-output>
        </test-method> <!-- setUp -->
        <test-method signature="LoginTc_o1()[pri:3, instance:com.vtechsolution.orangehrmTestcases.Login_Tc01@7e07db1f]" started-at="2022-09-07T09:46:37 IST" name="LoginTc_o1" finished-at="2022-09-07T09:46:43 IST" duration-ms="5387" status="PASS">
          <reporter-output>
          </reporter-output>
        </test-method> <!-- LoginTc_o1 -->
        <test-method is-config="true" signature="teardown()[pri:0, instance:com.vtechsolution.orangehrmTestcases.Login_Tc01@7e07db1f]" started-at="2022-09-07T09:46:43 IST" name="teardown" finished-at="2022-09-07T09:46:48 IST" duration-ms="5741" status="PASS">
          <reporter-output>
          </reporter-output>
        </test-method> <!-- teardown -->
      </class> <!-- com.vtechsolution.orangehrmTestcases.Login_Tc01 -->
    </test> <!-- Test -->
  </suite> <!-- Suite -->
</testng-results>
