<?xml version="1.0" encoding="UTF-8"?>
<!-- Generated by org.testng.reporters.JUnitXMLReporter -->
<testsuite ignored="0" hostname="Dell-pc" failures="1" tests="3" name="Orange HRM Test" time="75.38" errors="0" timestamp="2022-09-04T19:13:36 IST">
  <testcase classname="com.vtechsolution.orangehrmTestcases.Login_Tc01" name="verifyLoginPageTitleTc" time="0.065"/>
  <testcase classname="com.vtechsolution.orangehrmTestcases.Login_Tc01" name="verifyOrangeHrmlogo" time="1.184">
    <failure type="java.lang.AssertionError" message="expected [true] but found [false]">
      <![CDATA[java.lang.AssertionError: expected [true] but found [false]
at com.vtechsolution.orangehrmTestcases.Login_Tc01.verifyOrangeHrmlogo(Login_Tc01.java:44)
at java.base/java.util.ArrayList.forEach(ArrayList.java:1511)
... Removed 31 stack frames]]>
    </failure>
  </testcase> <!-- verifyOrangeHrmlogo -->
  <testcase classname="com.vtechsolution.orangehrmTestcases.Login_Tc01" name="LoginTc_o1" time="5.238"/>
</testsuite> <!-- Orange HRM Test -->
